2013-09-06 20:17:50.930 |----------------|-------------|-------|----------|---|------------|-------|--------|-----------|--------|
2013-09-06 20:17:50.931 |NUCLEUS_TYPE    |CUIT         |ESTADO |FORMAPAGO |ID |RAZONSOCIAL |TARIFA |USUARIO |EMPRESA_ID |VERSION |
2013-09-06 20:17:50.931 |----------------|-------------|-------|----------|---|------------|-------|--------|-----------|--------|
2013-09-06 20:17:50.932 |dom.abm.Empresa |733654333667 |true   |Débito    |0  |Fantasia    |37.0   |sven    |0          |1       |
2013-09-06 20:17:50.932 |----------------|-------------|-------|----------|---|------------|-------|--------|-----------|--------|
2013-09-06 20:17:50.997 |----------------|-------------|-------|----------|---|------------|-------|--------|-----------|--------|
2013-09-06 20:17:50.998 |NUCLEUS_TYPE    |CUIT         |ESTADO |FORMAPAGO |ID |RAZONSOCIAL |TARIFA |USUARIO |EMPRESA_ID |VERSION |
2013-09-06 20:17:50.998 |----------------|-------------|-------|----------|---|------------|-------|--------|-----------|--------|
2013-09-06 20:17:50.999 |dom.abm.Empresa |733654333667 |true   |Débito    |0  |Fantasia    |37.0   |sven    |0          |1       |
2013-09-06 20:17:50.999 |----------------|-------------|-------|----------|---|------------|-------|--------|-----------|--------|
2013-09-06 20:17:52.110 |----------------|-------------|-------|----------|---|------------|-------|--------|-----------|--------|
2013-09-06 20:17:52.111 |NUCLEUS_TYPE    |CUIT         |ESTADO |FORMAPAGO |ID |RAZONSOCIAL |TARIFA |USUARIO |EMPRESA_ID |VERSION |
2013-09-06 20:17:52.112 |----------------|-------------|-------|----------|---|------------|-------|--------|-----------|--------|
2013-09-06 20:17:52.112 |dom.abm.Empresa |733654333667 |true   |Débito    |0  |Fantasia    |37.0   |sven    |0          |1       |
2013-09-06 20:17:52.113 |----------------|-------------|-------|----------|---|------------|-------|--------|-----------|--------|
2013-09-06 20:17:52.806 |----------------|-------------|-------|----------|---|------------|-------|--------|-----------|--------|
2013-09-06 20:17:52.807 |NUCLEUS_TYPE    |CUIT         |ESTADO |FORMAPAGO |ID |RAZONSOCIAL |TARIFA |USUARIO |EMPRESA_ID |VERSION |
2013-09-06 20:17:52.808 |----------------|-------------|-------|----------|---|------------|-------|--------|-----------|--------|
2013-09-06 20:17:52.808 |dom.abm.Empresa |733654333667 |true   |Débito    |0  |Fantasia    |37.0   |sven    |0          |1       |
2013-09-06 20:17:52.808 |----------------|-------------|-------|----------|---|------------|-------|--------|-----------|--------|
2013-09-06 20:17:55.778 |-------------|---------|----------|----|-----|-------|----------|-------|-----------|--------|----------------------|
2013-09-06 20:17:55.778 |NUCLEUS_TYPE |APELLIDO |DIRECCION |DNI |EDAD |ESTADO |IDHUESPED |NOMBRE |HUESPED_ID |VERSION |HUESPEDES_INTEGER_IDX |
2013-09-06 20:17:55.779 |-------------|---------|----------|----|-----|-------|----------|-------|-----------|--------|----------------------|
2013-09-06 20:17:55.779 |-------------|---------|----------|----|-----|-------|----------|-------|-----------|--------|----------------------|
2013-09-06 20:18:02.097 |----------------|-------------|-------|----------|---|------------|-------|--------|-----------|--------|
2013-09-06 20:18:02.097 |NUCLEUS_TYPE    |CUIT         |ESTADO |FORMAPAGO |ID |RAZONSOCIAL |TARIFA |USUARIO |EMPRESA_ID |VERSION |
2013-09-06 20:18:02.097 |----------------|-------------|-------|----------|---|------------|-------|--------|-----------|--------|
2013-09-06 20:18:02.098 |dom.abm.Empresa |733654333667 |true   |Débito    |0  |Fantasia    |37.0   |sven    |0          |2       |
2013-09-06 20:18:02.098 |----------------|-------------|-------|----------|---|------------|-------|--------|-----------|--------|
2013-09-06 20:18:10.318 |----------------|---------|----------|---------|-----|-------|----------|-------|-----------|--------|----------------------|
2013-09-06 20:18:10.319 |NUCLEUS_TYPE    |APELLIDO |DIRECCION |DNI      |EDAD |ESTADO |IDHUESPED |NOMBRE |HUESPED_ID |VERSION |HUESPEDES_INTEGER_IDX |
2013-09-06 20:18:10.319 |----------------|---------|----------|---------|-----|-------|----------|-------|-----------|--------|----------------------|
2013-09-06 20:18:10.320 |dom.abm.Huesped |Fantasia |Chbut     |25334392 |37   |true   |0         |Luis   |0          |1       |0                     |
2013-09-06 20:18:10.320 |----------------|---------|----------|---------|-----|-------|----------|-------|-----------|--------|----------------------|
2013-09-06 20:19:25.630 |----------------|---------|----------|---------|-----|-------|----------|-------|-----------|--------|----------------------|
2013-09-06 20:19:25.631 |NUCLEUS_TYPE    |APELLIDO |DIRECCION |DNI      |EDAD |ESTADO |IDHUESPED |NOMBRE |HUESPED_ID |VERSION |HUESPEDES_INTEGER_IDX |
2013-09-06 20:19:25.631 |----------------|---------|----------|---------|-----|-------|----------|-------|-----------|--------|----------------------|
2013-09-06 20:19:25.632 |dom.abm.Huesped |Fantasia |Chbut     |25334392 |37   |true   |0         |Luis   |0          |1       |0                     |
2013-09-06 20:19:25.632 |----------------|---------|----------|---------|-----|-------|----------|-------|-----------|--------|----------------------|
2013-09-06 20:19:58.084 |----------------|-------------|-------|----------|---|------------|-------|--------|-----------|--------|
2013-09-06 20:19:58.084 |NUCLEUS_TYPE    |CUIT         |ESTADO |FORMAPAGO |ID |RAZONSOCIAL |TARIFA |USUARIO |EMPRESA_ID |VERSION |
2013-09-06 20:19:58.085 |----------------|-------------|-------|----------|---|------------|-------|--------|-----------|--------|
2013-09-06 20:19:58.086 |dom.abm.Empresa |733654333667 |true   |Débito    |0  |Fantasia    |37.0   |sven    |0          |2       |
2013-09-06 20:19:58.086 |----------------|-------------|-------|----------|---|------------|-------|--------|-----------|--------|
2013-09-06 20:20:01.463 |----------------|---------|----------|---------|-----|-------|----------|-------|-----------|--------|----------------------|
2013-09-06 20:20:01.463 |NUCLEUS_TYPE    |APELLIDO |DIRECCION |DNI      |EDAD |ESTADO |IDHUESPED |NOMBRE |HUESPED_ID |VERSION |HUESPEDES_INTEGER_IDX |
2013-09-06 20:20:01.464 |----------------|---------|----------|---------|-----|-------|----------|-------|-----------|--------|----------------------|
2013-09-06 20:20:01.464 |dom.abm.Huesped |Fantasia |Chbut     |25334392 |37   |true   |0         |Luis   |0          |1       |0                     |
2013-09-06 20:20:01.464 |----------------|---------|----------|---------|-----|-------|----------|-------|-----------|--------|----------------------|
