-----> 2013-09-05 23:17:26.841  org.datanucleus.store.rdbms.datasource.dbcp.DelegatingStatement.execute(DelegatingStatement.java:264)
1. CREATE TABLE DELETEME1378433846833 ( UNUSED INTEGER NOT NULL ) 

-----> 2013-09-05 23:17:26.853  org.datanucleus.store.rdbms.datasource.dbcp.DelegatingStatement.execute(DelegatingStatement.java:264)
1. DROP TABLE DELETEME1378433846833 

-----> 2013-09-05 23:17:26.990  org.datanucleus.store.rdbms.datasource.dbcp.DelegatingStatement.execute(DelegatingStatement.java:264)
1. CREATE TABLE TODOITEM ( TODOITEM_ID BIGINT GENERATED BY DEFAULT AS IDENTITY, ATTACHMENT BLOB 
NULL, CATEGORY NVARCHAR(255) NULL, COMPLETE BOOLEAN NOT NULL, COST DECIMAL(19,2) NULL, DESCRIPTION 
NVARCHAR(255) NULL, DUEBY DATE NULL, NOTES NVARCHAR(255) NULL, OWNEDBY NVARCHAR(255) NULL, 
VERSION BIGINT NOT NULL, CONSTRAINT TODOITEM_PK PRIMARY KEY (TODOITEM_ID) ) 

-----> 2013-09-05 23:17:26.996  org.datanucleus.store.rdbms.datasource.dbcp.DelegatingStatement.execute(DelegatingStatement.java:264)
1. CREATE TABLE HUESPED ( HUESPED_ID BIGINT GENERATED BY DEFAULT AS IDENTITY, APELLIDO NVARCHAR(255) 
NULL, DIRECCION NVARCHAR(255) NULL, DNI NVARCHAR(255) NULL, EDAD INTEGER NOT NULL, ESTADO BOOLEAN 
NOT NULL, IDHUESPED INTEGER NOT NULL, NOMBRE NVARCHAR(255) NULL, VERSION BIGINT NOT NULL, CONSTRAINT 
HUESPED_PK PRIMARY KEY (HUESPED_ID) ) 

-----> 2013-09-05 23:17:27.003  org.datanucleus.store.rdbms.datasource.dbcp.DelegatingStatement.execute(DelegatingStatement.java:264)
1. CREATE TABLE TODO_DEPENDENCIES ( DEPENDING_TODO_ID BIGINT NOT NULL, DEPENDENT_TODO_ID BIGINT 
NOT NULL, CONSTRAINT TODO_DEPENDENCIES_PK PRIMARY KEY (DEPENDING_TODO_ID,DEPENDENT_TODO_ID) 
) 

-----> 2013-09-05 23:17:27.008  org.datanucleus.store.rdbms.datasource.dbcp.DelegatingStatement.execute(DelegatingStatement.java:264)
1. ALTER TABLE TODOITEM ADD CONSTRAINT TODOITEM_DESCRIPTION_MUST_BE_UNIQUE UNIQUE (OWNEDBY,DESCRIPTION) 


-----> 2013-09-05 23:17:27.011  org.datanucleus.store.rdbms.datasource.dbcp.DelegatingStatement.execute(DelegatingStatement.java:264)
1. ALTER TABLE TODO_DEPENDENCIES ADD CONSTRAINT TODO_DEPENDENCIES_FK2 FOREIGN KEY (DEPENDENT_TODO_ID) 
REFERENCES TODOITEM (TODOITEM_ID) 

-----> 2013-09-05 23:17:27.013  org.datanucleus.store.rdbms.datasource.dbcp.DelegatingStatement.execute(DelegatingStatement.java:264)
1. ALTER TABLE TODO_DEPENDENCIES ADD CONSTRAINT TODO_DEPENDENCIES_FK1 FOREIGN KEY (DEPENDING_TODO_ID) 
REFERENCES TODOITEM (TODOITEM_ID) 

-----> 2013-09-05 23:17:27.014  org.datanucleus.store.rdbms.datasource.dbcp.DelegatingStatement.execute(DelegatingStatement.java:264)
1. CREATE INDEX TODO_DEPENDENCIES_N49 ON TODO_DEPENDENCIES (DEPENDING_TODO_ID) 

-----> 2013-09-05 23:17:27.015  org.datanucleus.store.rdbms.datasource.dbcp.DelegatingStatement.execute(DelegatingStatement.java:264)
1. CREATE INDEX TODO_DEPENDENCIES_N50 ON TODO_DEPENDENCIES (DEPENDENT_TODO_ID) 

